C:\USERS\RICKY\DESKTOP\PROJECT\BIRTHISH AIRWAYS\BIRTHISH AIRWAYS\DEBUG\BIRTHISH AIRWAYS.PCH
C:\USERS\RICKY\DESKTOP\PROJECT\BIRTHISH AIRWAYS\BIRTHISH AIRWAYS\DEBUG\STDAFX.OBJ
C:\USERS\RICKY\DESKTOP\PROJECT\BIRTHISH AIRWAYS\BIRTHISH AIRWAYS\DEBUG\VC100.PDB
C:\USERS\RICKY\DESKTOP\PROJECT\BIRTHISH AIRWAYS\BIRTHISH AIRWAYS\DEBUG\VC110.PDB
C:\USERS\RICKY\DESKTOP\PROJECT\BIRTHISH AIRWAYS\BIRTHISH AIRWAYS\DEBUG\BIRTHISH AIRWAYS.OBJ
C:\USERS\RICKY\DESKTOP\PROJECT\BIRTHISH AIRWAYS\DEBUG\BIRTHISH AIRWAYS.EXE
C:\Users\Ricky\Desktop\project\birthish airways\birthish airways\Debug\birthish airways.vcxprojResolveAssemblyReference.cache
C:\Users\Ricky\Desktop\project\birthish airways\birthish airways\Debug\birthish airways.obj
C:\Users\Ricky\Desktop\project\birthish airways\birthish airways\Debug\stdafx.obj
C:\Users\Ricky\Desktop\project\birthish airways\birthish airways\Debug\birthish airways.write.1.tlog
C:\Users\Ricky\Desktop\project\birthish airways\birthish airways\Debug\cl.command.1.tlog
C:\Users\Ricky\Desktop\project\birthish airways\birthish airways\Debug\CL.read.1.tlog
C:\Users\Ricky\Desktop\project\birthish airways\birthish airways\Debug\CL.write.1.tlog
C:\Users\Ricky\Desktop\project\birthish airways\birthish airways\Debug\link-cvtres.read.1.tlog
C:\Users\Ricky\Desktop\project\birthish airways\birthish airways\Debug\link-cvtres.write.1.tlog
C:\Users\Ricky\Desktop\project\birthish airways\birthish airways\Debug\link-rc.read.1.tlog
C:\Users\Ricky\Desktop\project\birthish airways\birthish airways\Debug\link-rc.write.1.tlog
C:\Users\Ricky\Desktop\project\birthish airways\birthish airways\Debug\link.command.1.tlog
C:\Users\Ricky\Desktop\project\birthish airways\birthish airways\Debug\link.read.1.tlog
C:\Users\Ricky\Desktop\project\birthish airways\birthish airways\Debug\link.write.1.tlog
C:\Users\Ricky\Desktop\project\birthish airways\birthish airways\Debug\mt.command.1.tlog
C:\Users\Ricky\Desktop\project\birthish airways\birthish airways\Debug\mt.read.1.tlog
C:\Users\Ricky\Desktop\project\birthish airways\birthish airways\Debug\mt.write.1.tlog
C:\Users\Ricky\Desktop\project\birthish airways\birthish airways\Debug\birthish airways.exe.intermediate.manifest
C:\Users\Ricky\Desktop\project\birthish airways\birthish airways\Debug\birthish airways.pch
C:\Users\Ricky\Desktop\project\birthish airways\birthish airways\Debug\vc100.idb
C:\Users\Ricky\Desktop\project\birthish airways\birthish airways\Debug\vc110.idb
C:\Users\Ricky\Desktop\project\birthish airways\birthish airways\Debug\vc100.pdb
C:\Users\Ricky\Desktop\project\birthish airways\birthish airways\Debug\vc110.pdb
C:\Users\Ricky\Desktop\project\birthish airways\Debug\birthish airways.pdb
